2026-06-19 00:13:26 - app.database - INFO - [db.py:12] - <module>() - Oracle client initialized successfully
2026-06-19 00:13:26 - app.database - INFO - [db.py:53] - <module>() - Oracle database module initialized
2026-06-19 00:13:29 - app.database - INFO - [db.py:12] - <module>() - Oracle client initialized successfully
2026-06-19 00:13:29 - app.database - INFO - [db.py:53] - <module>() - Oracle database module initialized
2026-06-19 00:23:28 - app.database - INFO - [db.py:12] - <module>() - Oracle client initialized successfully
2026-06-19 00:23:28 - app.database - INFO - [db.py:53] - <module>() - Oracle database module initialized
2026-06-19 00:23:31 - app.database - INFO - [db.py:12] - <module>() - Oracle client initialized successfully
2026-06-19 00:23:31 - app.database - INFO - [db.py:53] - <module>() - Oracle database module initialized
2026-06-19 01:31:59 - app.database - INFO - [db.py:12] - <module>() - Oracle client initialized successfully
2026-06-19 01:31:59 - app.database - INFO - [db.py:53] - <module>() - Oracle database module initialized
2026-06-19 01:32:02 - app.database - INFO - [db.py:12] - <module>() - Oracle client initialized successfully
2026-06-19 01:32:02 - app.database - INFO - [db.py:53] - <module>() - Oracle database module initialized
2026-06-19 01:41:52 - app.database - INFO - [db.py:12] - <module>() - Oracle client initialized successfully
2026-06-19 01:41:52 - app.database - INFO - [db.py:53] - <module>() - Oracle database module initialized
2026-06-19 09:36:20 - app.database - INFO - [db.py:12] - <module>() - Oracle client initialized successfully
2026-06-19 09:36:20 - app.database - INFO - [db.py:53] - <module>() - Oracle database module initialized
2026-06-19 09:55:04 - app.database - INFO - [db.py:12] - <module>() - Oracle client initialized successfully
2026-06-19 09:55:04 - app.database - INFO - [db.py:53] - <module>() - Oracle database module initialized
2026-06-19 10:15:23 - app.database - INFO - [db.py:12] - <module>() - Oracle client initialized successfully
2026-06-19 10:15:23 - app.database - INFO - [db.py:53] - <module>() - Oracle database module initialized
2026-06-19 10:17:44 - app.database - INFO - [db.py:12] - <module>() - Oracle client initialized successfully
2026-06-19 10:17:44 - app.database - INFO - [db.py:53] - <module>() - Oracle database module initialized
2026-06-19 10:21:33 - app.database - INFO - [db.py:12] - <module>() - Oracle client initialized successfully
2026-06-19 10:21:33 - app.database - INFO - [db.py:53] - <module>() - Oracle database module initialized
2026-06-19 10:22:06 - app.database - INFO - [db.py:12] - <module>() - Oracle client initialized successfully
2026-06-19 10:22:06 - app.database - INFO - [db.py:53] - <module>() - Oracle database module initialized
2026-06-19 10:22:13 - app.database - INFO - [db.py:12] - <module>() - Oracle client initialized successfully
2026-06-19 10:22:13 - app.database - INFO - [db.py:53] - <module>() - Oracle database module initialized
2026-06-19 10:23:00 - app.database - INFO - [db.py:12] - <module>() - Oracle client initialized successfully
2026-06-19 10:23:00 - app.database - INFO - [db.py:53] - <module>() - Oracle database module initialized
2026-06-19 10:24:00 - app.database - INFO - [db.py:12] - <module>() - Oracle client initialized successfully
2026-06-19 10:24:00 - app.database - INFO - [db.py:53] - <module>() - Oracle database module initialized
2026-06-19 10:25:05 - app.database - INFO - [db.py:12] - <module>() - Oracle client initialized successfully
2026-06-19 10:25:05 - app.database - INFO - [db.py:53] - <module>() - Oracle database module initialized
2026-06-19 10:25:44 - app.database - INFO - [db.py:12] - <module>() - Oracle client initialized successfully
2026-06-19 10:25:44 - app.database - INFO - [db.py:53] - <module>() - Oracle database module initialized
2026-06-19 10:27:46 - app.database - INFO - [db.py:12] - <module>() - Oracle client initialized successfully
2026-06-19 10:27:46 - app.database - INFO - [db.py:53] - <module>() - Oracle database module initialized
2026-06-19 10:27:53 - app.database - INFO - [db.py:12] - <module>() - Oracle client initialized successfully
2026-06-19 10:27:53 - app.database - INFO - [db.py:53] - <module>() - Oracle database module initialized
2026-06-19 10:28:05 - app.database - INFO - [db.py:12] - <module>() - Oracle client initialized successfully
2026-06-19 10:28:05 - app.database - INFO - [db.py:53] - <module>() - Oracle database module initialized
2026-06-19 10:28:23 - app.database - INFO - [db.py:12] - <module>() - Oracle client initialized successfully
2026-06-19 10:28:23 - app.database - INFO - [db.py:53] - <module>() - Oracle database module initialized
2026-06-19 10:28:29 - app.database - INFO - [db.py:12] - <module>() - Oracle client initialized successfully
2026-06-19 10:28:29 - app.database - INFO - [db.py:53] - <module>() - Oracle database module initialized
2026-06-19 10:28:36 - app.database - INFO - [db.py:12] - <module>() - Oracle client initialized successfully
2026-06-19 10:28:36 - app.database - INFO - [db.py:53] - <module>() - Oracle database module initialized
2026-06-19 10:29:32 - app.database - INFO - [db.py:12] - <module>() - Oracle client initialized successfully
2026-06-19 10:29:32 - app.database - INFO - [db.py:53] - <module>() - Oracle database module initialized
2026-06-19 10:30:05 - app.database - INFO - [db.py:12] - <module>() - Oracle client initialized successfully
2026-06-19 10:30:05 - app.database - INFO - [db.py:53] - <module>() - Oracle database module initialized
2026-06-19 10:30:37 - app.database - INFO - [db.py:12] - <module>() - Oracle client initialized successfully
2026-06-19 10:30:37 - app.database - INFO - [db.py:53] - <module>() - Oracle database module initialized
2026-06-19 10:31:21 - app.database - INFO - [db.py:12] - <module>() - Oracle client initialized successfully
2026-06-19 10:31:21 - app.database - INFO - [db.py:53] - <module>() - Oracle database module initialized
2026-06-19 10:31:27 - app.database - INFO - [db.py:12] - <module>() - Oracle client initialized successfully
2026-06-19 10:31:27 - app.database - INFO - [db.py:53] - <module>() - Oracle database module initialized
2026-06-19 10:31:36 - app.database - INFO - [db.py:12] - <module>() - Oracle client initialized successfully
2026-06-19 10:31:36 - app.database - INFO - [db.py:53] - <module>() - Oracle database module initialized
2026-06-19 10:33:22 - app.database - INFO - [db.py:12] - <module>() - Oracle client initialized successfully
2026-06-19 10:33:22 - app.database - INFO - [db.py:53] - <module>() - Oracle database module initialized
2026-06-19 10:36:27 - app.database - INFO - [db.py:12] - <module>() - Oracle client initialized successfully
2026-06-19 10:36:27 - app.database - INFO - [db.py:53] - <module>() - Oracle database module initialized
2026-06-19 10:37:15 - app.database - INFO - [db.py:12] - <module>() - Oracle client initialized successfully
2026-06-19 10:37:15 - app.database - INFO - [db.py:53] - <module>() - Oracle database module initialized
2026-06-19 10:37:43 - app.database - INFO - [db.py:12] - <module>() - Oracle client initialized successfully
2026-06-19 10:37:43 - app.database - INFO - [db.py:53] - <module>() - Oracle database module initialized
2026-06-19 10:37:56 - app.database - INFO - [db.py:12] - <module>() - Oracle client initialized successfully
2026-06-19 10:37:56 - app.database - INFO - [db.py:53] - <module>() - Oracle database module initialized
2026-06-19 10:38:25 - app.database - INFO - [db.py:12] - <module>() - Oracle client initialized successfully
2026-06-19 10:38:25 - app.database - INFO - [db.py:53] - <module>() - Oracle database module initialized
2026-06-19 10:38:46 - app.database - INFO - [db.py:12] - <module>() - Oracle client initialized successfully
2026-06-19 10:38:46 - app.database - INFO - [db.py:53] - <module>() - Oracle database module initialized
2026-06-19 10:39:03 - app.database - INFO - [db.py:12] - <module>() - Oracle client initialized successfully
2026-06-19 10:39:03 - app.database - INFO - [db.py:53] - <module>() - Oracle database module initialized
2026-06-19 10:39:44 - app.database - INFO - [db.py:12] - <module>() - Oracle client initialized successfully
2026-06-19 10:39:44 - app.database - INFO - [db.py:53] - <module>() - Oracle database module initialized
2026-06-19 10:39:47 - app.database - INFO - [db.py:12] - <module>() - Oracle client initialized successfully
2026-06-19 10:39:47 - app.database - INFO - [db.py:53] - <module>() - Oracle database module initialized
2026-06-19 10:41:05 - app.database - INFO - [db.py:12] - <module>() - Oracle client initialized successfully
2026-06-19 10:41:05 - app.database - INFO - [db.py:53] - <module>() - Oracle database module initialized
2026-06-19 10:41:55 - app.database - INFO - [db.py:12] - <module>() - Oracle client initialized successfully
2026-06-19 10:41:55 - app.database - INFO - [db.py:53] - <module>() - Oracle database module initialized
2026-06-19 10:42:02 - app.database - INFO - [db.py:12] - <module>() - Oracle client initialized successfully
2026-06-19 10:42:02 - app.database - INFO - [db.py:53] - <module>() - Oracle database module initialized
2026-06-19 10:44:41 - app.database - INFO - [db.py:12] - <module>() - Oracle client initialized successfully
2026-06-19 10:44:41 - app.database - INFO - [db.py:53] - <module>() - Oracle database module initialized
2026-06-19 10:45:47 - app.database - INFO - [db.py:12] - <module>() - Oracle client initialized successfully
2026-06-19 10:45:47 - app.database - INFO - [db.py:53] - <module>() - Oracle database module initialized
2026-06-19 11:01:52 - app.database - INFO - [db.py:12] - <module>() - Oracle client initialized successfully
2026-06-19 11:01:52 - app.database - INFO - [db.py:53] - <module>() - Oracle database module initialized
2026-06-19 11:03:39 - app.ai_routes - INFO - [ai_routes.py:86] - shopping_assistant_endpoint() - Processing shopping query: Suggest best phone under 50000
2026-06-19 11:03:39 - app.ai_service - INFO - [ai_service.py:158] - parse_shopping_query() - Parsed query: {'product_type': 'phone', 'max_price': 50000, 'min_price': 0, 'category': 'Electronics', 'search_keywords': ['phone', '50000']}
2026-06-19 11:03:40 - app.ai_service - ERROR - [ai_service.py:209] - search_products() - Error searching products: ORA-01008: value for bind variable placeholder :MAX_PRICE (position 1) was not provided
Help: https://docs.oracle.com/error-help/db/ora-01008/
2026-06-19 11:03:40 - app.ai_routes - INFO - [ai_routes.py:90] - shopping_assistant_endpoint() - Shopping assistant response generated
2026-06-19 11:04:12 - app.ai_routes - INFO - [ai_routes.py:86] - shopping_assistant_endpoint() - Processing shopping query: I need clothes for a wedding
2026-06-19 11:04:12 - app.ai_service - INFO - [ai_service.py:158] - parse_shopping_query() - Parsed query: {'product_type': None, 'max_price': None, 'min_price': 0, 'category': None, 'search_keywords': ['clothes', 'for', 'wedding']}
2026-06-19 11:04:12 - app.ai_service - INFO - [ai_service.py:205] - search_products() - Found 10 products matching constraints
2026-06-19 11:04:12 - app.ai_service - INFO - [ai_service.py:289] - generate_recommendations_rulebased() - Generated rule-based recommendations
2026-06-19 11:04:12 - app.ai_routes - INFO - [ai_routes.py:90] - shopping_assistant_endpoint() - Shopping assistant response generated
2026-06-19 11:12:26 - app.ai_routes - INFO - [ai_routes.py:86] - shopping_assistant_endpoint() - Processing shopping query: I need clothes for wedding
2026-06-19 11:12:26 - app.ai_service - INFO - [ai_service.py:158] - parse_shopping_query() - Parsed query: {'product_type': None, 'max_price': None, 'min_price': 0, 'category': None, 'search_keywords': ['clothes', 'for', 'wedding']}
2026-06-19 11:12:26 - app.ai_service - INFO - [ai_service.py:205] - search_products() - Found 10 products matching constraints
2026-06-19 11:12:26 - app.ai_service - INFO - [ai_service.py:289] - generate_recommendations_rulebased() - Generated rule-based recommendations
2026-06-19 11:12:26 - app.ai_routes - INFO - [ai_routes.py:90] - shopping_assistant_endpoint() - Shopping assistant response generated
2026-06-19 11:24:40 - app.database - INFO - [db.py:12] - <module>() - Oracle client initialized successfully
2026-06-19 11:24:40 - app.database - INFO - [db.py:53] - <module>() - Oracle database module initialized
2026-06-19 11:25:50 - app.database - INFO - [db.py:12] - <module>() - Oracle client initialized successfully
2026-06-19 11:25:50 - app.database - INFO - [db.py:53] - <module>() - Oracle database module initialized
2026-06-19 11:26:59 - app.database - INFO - [db.py:12] - <module>() - Oracle client initialized successfully
2026-06-19 11:26:59 - app.database - INFO - [db.py:53] - <module>() - Oracle database module initialized
2026-06-19 11:27:54 - app.database - INFO - [db.py:12] - <module>() - Oracle client initialized successfully
2026-06-19 11:27:54 - app.database - INFO - [db.py:53] - <module>() - Oracle database module initialized
2026-06-19 11:28:01 - app.database - INFO - [db.py:12] - <module>() - Oracle client initialized successfully
2026-06-19 11:28:01 - app.database - INFO - [db.py:53] - <module>() - Oracle database module initialized
2026-06-19 11:28:04 - app.database - INFO - [db.py:12] - <module>() - Oracle client initialized successfully
2026-06-19 11:28:04 - app.database - INFO - [db.py:53] - <module>() - Oracle database module initialized
2026-06-19 11:28:08 - app.ai_routes - INFO - [ai_routes.py:86] - shopping_assistant_endpoint() - Processing shopping query: I need clothes for wedding
2026-06-19 11:28:08 - app.ai_service - INFO - [ai_service.py:187] - parse_shopping_query() - Parsed query: {'product_type': None, 'max_price': None, 'min_price': 0, 'category': 'Clothing', 'search_keywords': ['clothes', 'for', 'wedding']}
2026-06-19 11:28:08 - app.ai_service - INFO - [ai_service.py:239] - search_products() - Found 0 products matching constraints
2026-06-19 11:28:08 - app.ai_routes - INFO - [ai_routes.py:90] - shopping_assistant_endpoint() - Shopping assistant response generated
2026-06-19 11:28:34 - app.ai_routes - INFO - [ai_routes.py:86] - shopping_assistant_endpoint() - Processing shopping query: Suggest beauty products
2026-06-19 11:28:34 - app.ai_service - INFO - [ai_service.py:187] - parse_shopping_query() - Parsed query: {'product_type': 'beauty', 'max_price': None, 'min_price': 0, 'category': 'Beauty', 'search_keywords': ['beauty', 'products']}
2026-06-19 11:28:34 - app.ai_service - INFO - [ai_service.py:239] - search_products() - Found 10 products matching constraints
2026-06-19 11:28:34 - app.ai_service - INFO - [ai_service.py:323] - generate_recommendations_rulebased() - Generated rule-based recommendations
2026-06-19 11:28:34 - app.ai_routes - INFO - [ai_routes.py:90] - shopping_assistant_endpoint() - Shopping assistant response generated
2026-06-19 11:31:22 - app.ai_routes - INFO - [ai_routes.py:44] - generate_description() - Generating description for Wireless Headphones
2026-06-19 11:31:22 - app.ai_service - INFO - [ai_service.py:80] - generate_description_template() - Generated template description for Wireless Headphones in Electronics
2026-06-19 11:31:22 - app.ai_routes - INFO - [ai_routes.py:52] - generate_description() - Description generated successfully for Wireless Headphones
2026-06-19 11:50:09 - app.ai_routes - INFO - [ai_routes.py:44] - generate_description() - Generating description for Wireless Headphones
2026-06-19 11:50:09 - app.ai_service - INFO - [ai_service.py:80] - generate_description_template() - Generated template description for Wireless Headphones in Electronics
2026-06-19 11:50:09 - app.ai_routes - INFO - [ai_routes.py:52] - generate_description() - Description generated successfully for Wireless Headphones
2026-06-19 11:51:01 - app.ai_routes - INFO - [ai_routes.py:44] - generate_description() - Generating description for Wireless Headphones
2026-06-19 11:51:01 - app.ai_service - INFO - [ai_service.py:80] - generate_description_template() - Generated template description for Wireless Headphones in Electronics
2026-06-19 11:51:01 - app.ai_routes - INFO - [ai_routes.py:52] - generate_description() - Description generated successfully for Wireless Headphones
2026-06-19 12:01:42 - app.database - INFO - [db.py:12] - <module>() - Oracle client initialized successfully
2026-06-19 12:01:42 - app.database - INFO - [db.py:53] - <module>() - Oracle database module initialized
2026-06-19 12:01:45 - app.database - INFO - [db.py:12] - <module>() - Oracle client initialized successfully
2026-06-19 12:01:45 - app.database - INFO - [db.py:53] - <module>() - Oracle database module initialized
2026-06-19 12:11:59 - app.database - INFO - [db.py:12] - <module>() - Oracle client initialized successfully
2026-06-19 12:11:59 - app.database - INFO - [db.py:53] - <module>() - Oracle database module initialized
2026-06-19 12:12:02 - app.database - INFO - [db.py:12] - <module>() - Oracle client initialized successfully
2026-06-19 12:12:02 - app.database - INFO - [db.py:53] - <module>() - Oracle database module initialized
2026-06-19 12:12:37 - app.ai_routes - INFO - [ai_routes.py:44] - generate_description() - Generating description for Breathable Yoga Leggings
2026-06-19 12:12:37 - app.ai_service - INFO - [ai_service.py:80] - generate_description_template() - Generated template description for Breathable Yoga Leggings in Women
2026-06-19 12:12:37 - app.ai_routes - INFO - [ai_routes.py:52] - generate_description() - Description generated successfully for Breathable Yoga Leggings
2026-06-19 12:22:00 - app.database - INFO - [db.py:12] - <module>() - Oracle client initialized successfully
2026-06-19 12:22:00 - app.database - INFO - [db.py:53] - <module>() - Oracle database module initialized
2026-06-19 12:22:03 - app.database - INFO - [db.py:12] - <module>() - Oracle client initialized successfully
2026-06-19 12:22:03 - app.database - INFO - [db.py:53] - <module>() - Oracle database module initialized
2026-06-19 12:23:09 - app.database - INFO - [db.py:12] - <module>() - Oracle client initialized successfully
2026-06-19 12:23:09 - app.database - INFO - [db.py:53] - <module>() - Oracle database module initialized
2026-06-19 12:23:13 - app.database - INFO - [db.py:12] - <module>() - Oracle client initialized successfully
2026-06-19 12:23:13 - app.database - INFO - [db.py:53] - <module>() - Oracle database module initialized
2026-06-19 12:27:22 - app.database - INFO - [db.py:12] - <module>() - Oracle client initialized successfully
2026-06-19 12:27:22 - app.database - INFO - [db.py:53] - <module>() - Oracle database module initialized
2026-06-19 12:27:30 - app.database - INFO - [db.py:12] - <module>() - Oracle client initialized successfully
2026-06-19 12:27:30 - app.database - INFO - [db.py:53] - <module>() - Oracle database module initialized
2026-06-19 12:28:32 - app.ai_routes - INFO - [ai_routes.py:121] - product_search() - Processing RAG search query: beauty
2026-06-19 12:28:32 - app.ai_service - INFO - [ai_service.py:418] - rag_product_search() - RAG search for 'beauty' found 10 results
2026-06-19 12:28:32 - app.ai_routes - INFO - [ai_routes.py:141] - product_search() - RAG search returned 10 results
2026-06-19 12:28:34 - app.ai_routes - INFO - [ai_routes.py:121] - product_search() - Processing RAG search query: beauty
2026-06-19 12:28:34 - app.ai_service - INFO - [ai_service.py:418] - rag_product_search() - RAG search for 'beauty' found 10 results
2026-06-19 12:28:34 - app.ai_routes - INFO - [ai_routes.py:141] - product_search() - RAG search returned 10 results
2026-06-19 12:50:16 - app.database - INFO - [db.py:12] - <module>() - Oracle client initialized successfully
2026-06-19 12:50:16 - app.database - INFO - [db.py:53] - <module>() - Oracle database module initialized
2026-06-19 12:50:21 - app.database - INFO - [db.py:12] - <module>() - Oracle client initialized successfully
2026-06-19 12:50:21 - app.database - INFO - [db.py:53] - <module>() - Oracle database module initialized
2026-06-19 13:03:52 - app.database - INFO - [db.py:12] - <module>() - Oracle client initialized successfully
2026-06-19 13:03:52 - app.database - INFO - [db.py:53] - <module>() - Oracle database module initialized
2026-06-19 13:03:55 - app.database - INFO - [db.py:12] - <module>() - Oracle client initialized successfully
2026-06-19 13:03:55 - app.database - INFO - [db.py:53] - <module>() - Oracle database module initialized
2026-06-19 13:55:43 - app.database - INFO - [db.py:12] - <module>() - Oracle client initialized successfully
2026-06-19 13:55:43 - app.database - INFO - [db.py:53] - <module>() - Oracle database module initialized
2026-06-19 13:56:03 - app.database - INFO - [db.py:12] - <module>() - Oracle client initialized successfully
2026-06-19 13:56:03 - app.database - INFO - [db.py:53] - <module>() - Oracle database module initialized
2026-06-19 14:02:51 - app.database - INFO - [db.py:12] - <module>() - Oracle client initialized successfully
2026-06-19 14:02:51 - app.database - INFO - [db.py:53] - <module>() - Oracle database module initialized
2026-06-19 14:02:54 - app.database - INFO - [db.py:12] - <module>() - Oracle client initialized successfully
2026-06-19 14:02:54 - app.database - INFO - [db.py:53] - <module>() - Oracle database module initialized
2026-06-19 14:11:50 - app.database - INFO - [db.py:12] - <module>() - Oracle client initialized successfully
2026-06-19 14:11:50 - app.database - INFO - [db.py:53] - <module>() - Oracle database module initialized
2026-06-19 14:12:07 - app.database - INFO - [db.py:12] - <module>() - Oracle client initialized successfully
2026-06-19 14:12:07 - app.database - INFO - [db.py:53] - <module>() - Oracle database module initialized
2026-06-19 14:20:58 - app.database - INFO - [db.py:12] - <module>() - Oracle client initialized successfully
2026-06-19 14:20:58 - app.database - INFO - [db.py:53] - <module>() - Oracle database module initialized
2026-06-19 14:21:01 - app.database - INFO - [db.py:12] - <module>() - Oracle client initialized successfully
2026-06-19 14:21:01 - app.database - INFO - [db.py:53] - <module>() - Oracle database module initialized
2026-06-19 14:21:55 - app.auth_routes - INFO - [auth_routes.py:150] - login() - User 42 logged in successfully
2026-06-19 14:30:01 - app.database - INFO - [db.py:12] - <module>() - Oracle client initialized successfully
2026-06-19 14:30:02 - app.database - INFO - [db.py:53] - <module>() - Oracle database module initialized
2026-06-19 14:30:08 - app.database - INFO - [db.py:12] - <module>() - Oracle client initialized successfully
2026-06-19 14:30:08 - app.database - INFO - [db.py:53] - <module>() - Oracle database module initialized
2026-06-19 14:31:29 - app.auth_routes - INFO - [auth_routes.py:150] - login() - User 42 logged in successfully
2026-06-19 14:37:17 - app.database - INFO - [db.py:12] - <module>() - Oracle client initialized successfully
2026-06-19 14:37:17 - app.database - INFO - [db.py:53] - <module>() - Oracle database module initialized
2026-06-19 14:37:24 - app.database - INFO - [db.py:12] - <module>() - Oracle client initialized successfully
2026-06-19 14:37:24 - app.database - INFO - [db.py:53] - <module>() - Oracle database module initialized
2026-06-19 14:38:23 - app.auth_routes - INFO - [auth_routes.py:150] - login() - User 42 logged in successfully
2026-06-19 14:38:23 - app.dashboard_routes - INFO - [dashboard_routes.py:38] - dashboard_stats() - Dashboard stats retrieved successfully
2026-06-19 14:38:23 - app.dashboard_routes - INFO - [dashboard_routes.py:38] - dashboard_stats() - Dashboard stats retrieved successfully
2026-06-19 14:42:04 - app.dashboard_routes - INFO - [dashboard_routes.py:38] - dashboard_stats() - Dashboard stats retrieved successfully
2026-06-19 14:42:04 - app.dashboard_routes - INFO - [dashboard_routes.py:38] - dashboard_stats() - Dashboard stats retrieved successfully
2026-06-19 14:42:26 - app.dashboard_routes - INFO - [dashboard_routes.py:38] - dashboard_stats() - Dashboard stats retrieved successfully
2026-06-19 14:42:26 - app.dashboard_routes - INFO - [dashboard_routes.py:38] - dashboard_stats() - Dashboard stats retrieved successfully
2026-06-19 14:42:28 - app.dashboard_routes - INFO - [dashboard_routes.py:38] - dashboard_stats() - Dashboard stats retrieved successfully
2026-06-19 14:42:28 - app.dashboard_routes - INFO - [dashboard_routes.py:38] - dashboard_stats() - Dashboard stats retrieved successfully
2026-06-19 14:42:49 - app.database - INFO - [db.py:12] - <module>() - Oracle client initialized successfully
2026-06-19 14:42:49 - app.database - INFO - [db.py:53] - <module>() - Oracle database module initialized
2026-06-19 14:42:53 - app.database - INFO - [db.py:12] - <module>() - Oracle client initialized successfully
2026-06-19 14:42:53 - app.database - INFO - [db.py:53] - <module>() - Oracle database module initialized
2026-06-19 14:43:04 - app.dashboard_routes - INFO - [dashboard_routes.py:38] - dashboard_stats() - Dashboard stats retrieved successfully
2026-06-19 14:43:05 - app.dashboard_routes - INFO - [dashboard_routes.py:38] - dashboard_stats() - Dashboard stats retrieved successfully
2026-06-19 14:47:46 - app.database - INFO - [db.py:12] - <module>() - Oracle client initialized successfully
2026-06-19 14:47:46 - app.database - INFO - [db.py:53] - <module>() - Oracle database module initialized
2026-06-19 14:48:43 - app.database - INFO - [db.py:12] - <module>() - Oracle client initialized successfully
2026-06-19 14:48:43 - app.database - INFO - [db.py:53] - <module>() - Oracle database module initialized
2026-06-19 14:48:49 - app.database - INFO - [db.py:12] - <module>() - Oracle client initialized successfully
2026-06-19 14:48:49 - app.database - INFO - [db.py:53] - <module>() - Oracle database module initialized
2026-06-19 14:49:01 - app.database - INFO - [db.py:12] - <module>() - Oracle client initialized successfully
2026-06-19 14:49:01 - app.database - INFO - [db.py:53] - <module>() - Oracle database module initialized
2026-06-19 14:50:13 - app.database - INFO - [db.py:12] - <module>() - Oracle client initialized successfully
2026-06-19 14:50:13 - app.database - INFO - [db.py:53] - <module>() - Oracle database module initialized
2026-06-19 14:50:16 - app.database - INFO - [db.py:12] - <module>() - Oracle client initialized successfully
2026-06-19 14:50:16 - app.database - INFO - [db.py:53] - <module>() - Oracle database module initialized
2026-06-19 14:50:28 - app.dashboard_routes - INFO - [dashboard_routes.py:38] - dashboard_stats() - Dashboard stats retrieved successfully
2026-06-19 14:50:28 - app.dashboard_routes - INFO - [dashboard_routes.py:38] - dashboard_stats() - Dashboard stats retrieved successfully
2026-06-19 14:50:28 - app.category_routes - INFO - [category_routes.py:20] - get_all_categories() - Fetched 8 categories
2026-06-19 14:50:28 - app.category_routes - INFO - [category_routes.py:20] - get_all_categories() - Fetched 8 categories
2026-06-19 14:52:50 - app.database - INFO - [db.py:12] - <module>() - Oracle client initialized successfully
2026-06-19 14:52:50 - app.database - INFO - [db.py:53] - <module>() - Oracle database module initialized
2026-06-19 14:53:17 - app.database - INFO - [db.py:12] - <module>() - Oracle client initialized successfully
2026-06-19 14:53:17 - app.database - INFO - [db.py:53] - <module>() - Oracle database module initialized
2026-06-19 14:53:32 - app.database - INFO - [db.py:12] - <module>() - Oracle client initialized successfully
2026-06-19 14:53:32 - app.database - INFO - [db.py:53] - <module>() - Oracle database module initialized
2026-06-19 14:53:35 - app.database - INFO - [db.py:12] - <module>() - Oracle client initialized successfully
2026-06-19 14:53:35 - app.database - INFO - [db.py:53] - <module>() - Oracle database module initialized
2026-06-19 14:53:47 - app.dashboard_routes - INFO - [dashboard_routes.py:38] - dashboard_stats() - Dashboard stats retrieved successfully
2026-06-19 14:53:47 - app.dashboard_routes - INFO - [dashboard_routes.py:38] - dashboard_stats() - Dashboard stats retrieved successfully
2026-06-19 14:53:47 - app.category_routes - INFO - [category_routes.py:20] - get_all_categories() - Fetched 8 categories
2026-06-19 14:53:47 - app.category_routes - INFO - [category_routes.py:20] - get_all_categories() - Fetched 8 categories
2026-06-19 14:56:49 - app.category_routes - INFO - [category_routes.py:20] - get_all_categories() - Fetched 8 categories
2026-06-19 14:56:50 - app.category_routes - INFO - [category_routes.py:20] - get_all_categories() - Fetched 8 categories
2026-06-19 14:57:01 - app.category_routes - INFO - [category_routes.py:20] - get_all_categories() - Fetched 8 categories
2026-06-19 14:57:01 - app.category_routes - INFO - [category_routes.py:20] - get_all_categories() - Fetched 8 categories
2026-06-19 15:22:35 - app.dashboard_routes - INFO - [dashboard_routes.py:38] - dashboard_stats() - Dashboard stats retrieved successfully
2026-06-19 15:22:35 - app.dashboard_routes - INFO - [dashboard_routes.py:38] - dashboard_stats() - Dashboard stats retrieved successfully
2026-06-19 15:22:35 - app.category_routes - INFO - [category_routes.py:20] - get_all_categories() - Fetched 8 categories
2026-06-19 15:22:35 - app.category_routes - INFO - [category_routes.py:20] - get_all_categories() - Fetched 8 categories
2026-06-19 15:38:08 - app.database - INFO - [db.py:12] - <module>() - Oracle client initialized successfully
2026-06-19 15:38:08 - app.database - INFO - [db.py:53] - <module>() - Oracle database module initialized
2026-06-19 15:38:22 - app.database - INFO - [db.py:12] - <module>() - Oracle client initialized successfully
2026-06-19 15:38:22 - app.database - INFO - [db.py:53] - <module>() - Oracle database module initialized
2026-06-19 15:39:16 - app.database - INFO - [db.py:12] - <module>() - Oracle client initialized successfully
2026-06-19 15:39:16 - app.database - INFO - [db.py:53] - <module>() - Oracle database module initialized
2026-06-19 15:39:19 - app.database - INFO - [db.py:12] - <module>() - Oracle client initialized successfully
2026-06-19 15:39:19 - app.database - INFO - [db.py:53] - <module>() - Oracle database module initialized
2026-06-19 15:42:04 - app.database - INFO - [db.py:12] - <module>() - Oracle client initialized successfully
2026-06-19 15:42:04 - app.database - INFO - [db.py:53] - <module>() - Oracle database module initialized
2026-06-19 15:42:06 - app.database - INFO - [db.py:12] - <module>() - Oracle client initialized successfully
2026-06-19 15:42:06 - app.database - INFO - [db.py:53] - <module>() - Oracle database module initialized
2026-06-19 15:43:36 - app.dashboard_routes - INFO - [dashboard_routes.py:38] - dashboard_stats() - Dashboard stats retrieved successfully
2026-06-19 15:43:36 - app.dashboard_routes - INFO - [dashboard_routes.py:38] - dashboard_stats() - Dashboard stats retrieved successfully
2026-06-19 15:43:36 - app.category_routes - INFO - [category_routes.py:20] - get_all_categories() - Fetched 8 categories
2026-06-19 15:43:37 - app.category_routes - INFO - [category_routes.py:20] - get_all_categories() - Fetched 8 categories
2026-06-19 15:43:53 - app.database - INFO - [db.py:12] - <module>() - Oracle client initialized successfully
2026-06-19 15:43:53 - app.database - INFO - [db.py:53] - <module>() - Oracle database module initialized
2026-06-19 15:44:03 - app.database - INFO - [db.py:12] - <module>() - Oracle client initialized successfully
2026-06-19 15:44:03 - app.database - INFO - [db.py:53] - <module>() - Oracle database module initialized
2026-06-19 15:44:04 - app.dashboard_routes - INFO - [dashboard_routes.py:38] - dashboard_stats() - Dashboard stats retrieved successfully
2026-06-19 15:44:05 - app.dashboard_routes - INFO - [dashboard_routes.py:38] - dashboard_stats() - Dashboard stats retrieved successfully
2026-06-19 15:44:05 - app.category_routes - INFO - [category_routes.py:20] - get_all_categories() - Fetched 8 categories
2026-06-19 15:44:05 - app.category_routes - INFO - [category_routes.py:20] - get_all_categories() - Fetched 8 categories
2026-06-19 15:44:20 - app.category_routes - INFO - [category_routes.py:20] - get_all_categories() - Fetched 8 categories
2026-06-19 15:44:20 - app.category_routes - INFO - [category_routes.py:20] - get_all_categories() - Fetched 8 categories
2026-06-19 15:44:22 - app.category_routes - INFO - [category_routes.py:20] - get_all_categories() - Fetched 8 categories
2026-06-19 15:44:22 - app.category_routes - INFO - [category_routes.py:20] - get_all_categories() - Fetched 8 categories
2026-06-19 15:44:29 - app.dashboard_routes - INFO - [dashboard_routes.py:38] - dashboard_stats() - Dashboard stats retrieved successfully
2026-06-19 15:44:29 - app.dashboard_routes - INFO - [dashboard_routes.py:38] - dashboard_stats() - Dashboard stats retrieved successfully
2026-06-19 15:44:29 - app.category_routes - INFO - [category_routes.py:20] - get_all_categories() - Fetched 8 categories
2026-06-19 15:44:29 - app.category_routes - INFO - [category_routes.py:20] - get_all_categories() - Fetched 8 categories
2026-06-19 15:45:12 - app.auth_routes - WARNING - [auth_routes.py:122] - login() - Login attempt failed: invalid password for bhavya@gmail.com
2026-06-19 15:45:33 - app.auth_routes - WARNING - [auth_routes.py:122] - login() - Login attempt failed: invalid password for bhavya@gmail.com
2026-06-19 15:45:44 - app.dashboard_routes - INFO - [dashboard_routes.py:38] - dashboard_stats() - Dashboard stats retrieved successfully
2026-06-19 15:45:44 - app.dashboard_routes - INFO - [dashboard_routes.py:38] - dashboard_stats() - Dashboard stats retrieved successfully
2026-06-19 15:45:45 - app.category_routes - INFO - [category_routes.py:20] - get_all_categories() - Fetched 8 categories
2026-06-19 15:45:45 - app.category_routes - INFO - [category_routes.py:20] - get_all_categories() - Fetched 8 categories
2026-06-19 15:46:06 - app.auth_routes - WARNING - [auth_routes.py:122] - login() - Login attempt failed: invalid password for bhavya@gmail.com
2026-06-19 15:50:19 - app.database - INFO - [db.py:12] - <module>() - Oracle client initialized successfully
2026-06-19 15:50:19 - app.database - INFO - [db.py:53] - <module>() - Oracle database module initialized
2026-06-19 15:50:22 - app.database - INFO - [db.py:12] - <module>() - Oracle client initialized successfully
2026-06-19 15:50:22 - app.database - INFO - [db.py:53] - <module>() - Oracle database module initialized
2026-06-19 15:50:40 - app.auth_routes - WARNING - [auth_routes.py:122] - login() - Login attempt failed: invalid password for bhavya@gmail.com
2026-06-19 15:53:39 - app.database - INFO - [db.py:12] - <module>() - Oracle client initialized successfully
2026-06-19 15:53:39 - app.database - INFO - [db.py:53] - <module>() - Oracle database module initialized
2026-06-19 15:53:44 - app.database - INFO - [db.py:12] - <module>() - Oracle client initialized successfully
2026-06-19 15:53:44 - app.database - INFO - [db.py:53] - <module>() - Oracle database module initialized
2026-06-19 16:02:35 - app.database - INFO - [db.py:12] - <module>() - Oracle client initialized successfully
2026-06-19 16:02:35 - app.database - INFO - [db.py:53] - <module>() - Oracle database module initialized
2026-06-19 16:02:38 - app.database - INFO - [db.py:12] - <module>() - Oracle client initialized successfully
2026-06-19 16:02:38 - app.database - INFO - [db.py:53] - <module>() - Oracle database module initialized
2026-06-19 16:07:25 - app.database - INFO - [db.py:12] - <module>() - Oracle client initialized successfully
2026-06-19 16:07:25 - app.database - INFO - [db.py:53] - <module>() - Oracle database module initialized
2026-06-19 16:07:30 - app.database - INFO - [db.py:12] - <module>() - Oracle client initialized successfully
2026-06-19 16:07:30 - app.database - INFO - [db.py:53] - <module>() - Oracle database module initialized
2026-06-19 16:24:12 - app.database - INFO - [db.py:12] - <module>() - Oracle client initialized successfully
2026-06-19 16:24:12 - app.database - INFO - [db.py:53] - <module>() - Oracle database module initialized
2026-06-19 16:24:14 - app.database - INFO - [db.py:12] - <module>() - Oracle client initialized successfully
2026-06-19 16:24:14 - app.database - INFO - [db.py:53] - <module>() - Oracle database module initialized
2026-06-19 16:24:37 - app.auth_routes - WARNING - [auth_routes.py:122] - login() - Login attempt failed: invalid password for bhavya@gmail.com
2026-06-19 16:25:05 - app.auth_routes - ERROR - [auth_routes.py:26] - register() - Error during register_user: Email already registered
2026-06-19 16:25:18 - app.auth_routes - INFO - [auth_routes.py:46] - register() - User 35 registered and authenticated successfully
2026-06-19 16:29:51 - app.database - INFO - [db.py:12] - <module>() - Oracle client initialized successfully
2026-06-19 16:29:51 - app.database - INFO - [db.py:53] - <module>() - Oracle database module initialized
2026-06-19 16:29:54 - app.database - INFO - [db.py:12] - <module>() - Oracle client initialized successfully
2026-06-19 16:29:54 - app.database - INFO - [db.py:53] - <module>() - Oracle database module initialized
2026-06-19 16:32:28 - app.database - INFO - [db.py:12] - <module>() - Oracle client initialized successfully
2026-06-19 16:32:28 - app.database - INFO - [db.py:53] - <module>() - Oracle database module initialized
2026-06-19 16:32:31 - app.database - INFO - [db.py:12] - <module>() - Oracle client initialized successfully
2026-06-19 16:32:31 - app.database - INFO - [db.py:53] - <module>() - Oracle database module initialized
2026-06-19 16:32:54 - app.ai_routes - INFO - [ai_routes.py:44] - generate_description() - Generating description for Casual V-Neck Top
2026-06-19 16:32:54 - app.ai_service - INFO - [ai_service.py:80] - generate_description_template() - Generated template description for Casual V-Neck Top in Women
2026-06-19 16:32:54 - app.ai_routes - INFO - [ai_routes.py:52] - generate_description() - Description generated successfully for Casual V-Neck Top
